build/app/intermediates/manifest_merge_blame_file/debug/manifest-merger-blame-debug-report.txt
1<?xml version="1.0" encoding="utf-8"?>
2<manifest xmlns:android="http://schemas.android.com/apk/res/android"
3    package="com.mcq.mcq"
4    android:versionCode="12"
5    android:versionName="1.2.2" >
6
7    <uses-sdk
8        android:minSdkVersion="21"
9        android:targetSdkVersion="34" />
10    <!--
11         The INTERNET permission is required for development. Specifically,
12         the Flutter tool needs it to communicate with the running application
13         to allow setting breakpoints, to provide hot reload, etc.
14    -->
15    <uses-permission android:name="android.permission.INTERNET" />
15-->src/main/AndroidManifest.xml:2:5-66
15-->src/main/AndroidManifest.xml:2:22-64
16    <uses-permission
16-->src/main/AndroidManifest.xml:3:5-75
17        android:name="android.permission.READ_PHONE_STATE"
17-->src/main/AndroidManifest.xml:3:22-72
18        android:maxSdkVersion="29" />
18-->[:get_phone_number] AndroidManifest.xml:11:9-35
19    <uses-permission android:name="android.permission.RECEIVE_SMS" />
19-->src/main/AndroidManifest.xml:4:5-69
19-->src/main/AndroidManifest.xml:4:22-67
20    <uses-permission android:name="android.permission.READ_SMS" />
20-->src/main/AndroidManifest.xml:5:5-66
20-->src/main/AndroidManifest.xml:5:22-64
21    <uses-permission android:name="android.permission.ACCESS_NETWORK_STATE" />
21-->[:connectivity_plus] AndroidManifest.xml:9:5-79
21-->[:connectivity_plus] AndroidManifest.xml:9:22-76
22    <uses-permission android:name="android.permission.READ_PHONE_NUMBERS" />
22-->[:get_phone_number] AndroidManifest.xml:12:5-77
22-->[:get_phone_number] AndroidManifest.xml:12:22-74
23
24    <meta-data
24-->[:mobile_number] AndroidManifest.xml:14:5-16:29
25        android:name="flutterEmbedding"
25-->[:mobile_number] AndroidManifest.xml:15:9-40
26        android:value="2" />
26-->[:mobile_number] AndroidManifest.xml:16:9-26
27
28    <uses-permission android:name="android.permission.ACCESS_FINE_LOCATION" />
28-->[:safe_device] AndroidManifest.xml:9:5-79
28-->[:safe_device] AndroidManifest.xml:9:22-76
29    <uses-permission android:name="android.permission.ACCESS_COARSE_LOCATION" />
29-->[:safe_device] AndroidManifest.xml:10:5-81
29-->[:safe_device] AndroidManifest.xml:10:22-78
30    <uses-permission android:name="android.permission.VIBRATE" />
30-->[:vibration] AndroidManifest.xml:9:5-66
30-->[:vibration] AndroidManifest.xml:9:22-63
31    <uses-permission android:name="android.permission.WAKE_LOCK" />
31-->[com.google.android.gms:play-services-measurement-api:21.6.1] AndroidManifest.xml:24:5-68
31-->[com.google.android.gms:play-services-measurement-api:21.6.1] AndroidManifest.xml:24:22-65
32    <uses-permission android:name="com.google.android.gms.permission.AD_ID" />
32-->[com.google.android.gms:play-services-measurement-api:21.6.1] AndroidManifest.xml:25:5-79
32-->[com.google.android.gms:play-services-measurement-api:21.6.1] AndroidManifest.xml:25:22-76
33    <uses-permission android:name="android.permission.ACCESS_ADSERVICES_ATTRIBUTION" />
33-->[com.google.android.gms:play-services-measurement-api:21.6.1] AndroidManifest.xml:26:5-88
33-->[com.google.android.gms:play-services-measurement-api:21.6.1] AndroidManifest.xml:26:22-85
34    <uses-permission android:name="android.permission.ACCESS_ADSERVICES_AD_ID" />
34-->[com.google.android.gms:play-services-measurement-api:21.6.1] AndroidManifest.xml:27:5-82
34-->[com.google.android.gms:play-services-measurement-api:21.6.1] AndroidManifest.xml:27:22-79
35
36    <queries>
36-->[com.razorpay:standard-core:1.6.43] AndroidManifest.xml:10:5-39:15
37        <intent>
37-->[com.razorpay:standard-core:1.6.43] AndroidManifest.xml:11:9-17:18
38            <action android:name="android.intent.action.VIEW" />
38-->[com.razorpay:standard-core:1.6.43] AndroidManifest.xml:12:13-65
38-->[com.razorpay:standard-core:1.6.43] AndroidManifest.xml:12:21-62
39
40            <data
40-->[com.razorpay:standard-core:1.6.43] AndroidManifest.xml:14:13-16:38
41                android:mimeType="*/*"
41-->[com.razorpay:standard-core:1.6.43] AndroidManifest.xml:15:17-39
42                android:scheme="*" />
42-->[com.razorpay:standard-core:1.6.43] AndroidManifest.xml:16:17-35
43        </intent>
44        <intent>
44-->[com.razorpay:standard-core:1.6.43] AndroidManifest.xml:18:9-27:18
45            <action android:name="android.intent.action.VIEW" />
45-->[com.razorpay:standard-core:1.6.43] AndroidManifest.xml:12:13-65
45-->[com.razorpay:standard-core:1.6.43] AndroidManifest.xml:12:21-62
46
47            <category android:name="android.intent.category.BROWSABLE" />
47-->[com.razorpay:standard-core:1.6.43] AndroidManifest.xml:21:13-74
47-->[com.razorpay:standard-core:1.6.43] AndroidManifest.xml:21:23-71
48
49            <data
49-->[com.razorpay:standard-core:1.6.43] AndroidManifest.xml:14:13-16:38
50                android:host="pay"
51                android:mimeType="*/*"
51-->[com.razorpay:standard-core:1.6.43] AndroidManifest.xml:15:17-39
52                android:scheme="upi" />
52-->[com.razorpay:standard-core:1.6.43] AndroidManifest.xml:16:17-35
53        </intent>
54        <intent>
54-->[com.razorpay:standard-core:1.6.43] AndroidManifest.xml:28:9-30:18
55            <action android:name="android.intent.action.MAIN" />
55-->[com.razorpay:standard-core:1.6.43] AndroidManifest.xml:29:13-65
55-->[com.razorpay:standard-core:1.6.43] AndroidManifest.xml:29:21-62
56        </intent>
57        <intent>
57-->[com.razorpay:standard-core:1.6.43] AndroidManifest.xml:31:9-35:18
58            <action android:name="android.intent.action.SEND" />
58-->[com.razorpay:standard-core:1.6.43] AndroidManifest.xml:32:13-65
58-->[com.razorpay:standard-core:1.6.43] AndroidManifest.xml:32:21-62
59
60            <data android:mimeType="*/*" />
60-->[com.razorpay:standard-core:1.6.43] AndroidManifest.xml:14:13-16:38
60-->[com.razorpay:standard-core:1.6.43] AndroidManifest.xml:15:17-39
61        </intent>
62        <intent>
62-->[com.razorpay:standard-core:1.6.43] AndroidManifest.xml:36:9-38:18
63            <action android:name="rzp.device_token.share" />
63-->[com.razorpay:standard-core:1.6.43] AndroidManifest.xml:37:13-61
63-->[com.razorpay:standard-core:1.6.43] AndroidManifest.xml:37:21-58
64        </intent>
65    </queries>
66
67    <uses-feature
67-->[com.google.android.gms:play-services-maps:17.0.0] AndroidManifest.xml:26:5-28:35
68        android:glEsVersion="0x00020000"
68-->[com.google.android.gms:play-services-maps:17.0.0] AndroidManifest.xml:27:9-41
69        android:required="true" />
69-->[com.google.android.gms:play-services-maps:17.0.0] AndroidManifest.xml:28:9-32
70
71    <uses-permission android:name="com.google.android.finsky.permission.BIND_GET_INSTALL_REFERRER_SERVICE" />
71-->[com.google.android.gms:play-services-measurement:21.6.1] AndroidManifest.xml:26:5-110
71-->[com.google.android.gms:play-services-measurement:21.6.1] AndroidManifest.xml:26:22-107
72
73    <permission
73-->[androidx.core:core:1.13.1] AndroidManifest.xml:22:5-24:47
74        android:name="com.mcq.mcq.DYNAMIC_RECEIVER_NOT_EXPORTED_PERMISSION"
74-->[androidx.core:core:1.13.1] AndroidManifest.xml:23:9-81
75        android:protectionLevel="signature" />
75-->[androidx.core:core:1.13.1] AndroidManifest.xml:24:9-44
76
77    <uses-permission android:name="com.mcq.mcq.DYNAMIC_RECEIVER_NOT_EXPORTED_PERMISSION" />
77-->[androidx.core:core:1.13.1] AndroidManifest.xml:26:5-97
77-->[androidx.core:core:1.13.1] AndroidManifest.xml:26:22-94
78
79    <application
80        android:name="android.app.Application"
81        android:appComponentFactory="androidx.core.app.CoreComponentFactory"
81-->[androidx.core:core:1.13.1] AndroidManifest.xml:28:18-86
82        android:debuggable="true"
83        android:icon="@mipmap/launcher_icon"
84        android:label="Study MCQ Kannada app" >
85        <activity
86            android:name="com.mcq.mcq.MainActivity"
87            android:configChanges="orientation|keyboardHidden|keyboard|screenSize|smallestScreenSize|locale|layoutDirection|fontScale|screenLayout|density|uiMode"
88            android:exported="true"
89            android:hardwareAccelerated="true"
90            android:launchMode="singleTop"
91            android:theme="@style/LaunchTheme"
92            android:windowSoftInputMode="adjustResize" >
93
94            <!--
95                 Specifies an Android theme to apply to this Activity as soon as
96                 the Android process has started. This theme is visible to the user
97                 while the Flutter UI initializes. After that, this theme continues
98                 to determine the Window background behind the Flutter UI.
99            -->
100            <meta-data
101                android:name="io.flutter.embedding.android.NormalTheme"
102                android:resource="@style/NormalTheme" />
103
104            <intent-filter>
105                <action android:name="android.intent.action.MAIN" />
105-->[com.razorpay:standard-core:1.6.43] AndroidManifest.xml:29:13-65
105-->[com.razorpay:standard-core:1.6.43] AndroidManifest.xml:29:21-62
106
107                <category android:name="android.intent.category.LAUNCHER" />
108            </intent-filter>
109        </activity>
110        <!--
111             Don't delete the meta-data below.
112             This is used by the Flutter tool to generate GeneratedPluginRegistrant.java
113        -->
114        <meta-data
114-->[:mobile_number] AndroidManifest.xml:14:5-16:29
115            android:name="flutterEmbedding"
115-->[:mobile_number] AndroidManifest.xml:15:9-40
116            android:value="2" />
116-->[:mobile_number] AndroidManifest.xml:16:9-26
117
118        <service
118-->[:firebase_app_check] AndroidManifest.xml:10:9-14:19
119            android:name="com.google.firebase.components.ComponentDiscoveryService"
119-->[:firebase_app_check] AndroidManifest.xml:10:18-89
120            android:directBootAware="true"
120-->[com.google.firebase:firebase-common:20.4.3] AndroidManifest.xml:32:13-43
121            android:exported="false" >
121-->[com.google.firebase:firebase-appcheck-debug:17.1.2] AndroidManifest.xml:24:13-37
122            <meta-data
122-->[:firebase_app_check] AndroidManifest.xml:11:13-13:85
123                android:name="com.google.firebase.components:io.flutter.plugins.firebase.appcheck.FlutterFirebaseAppRegistrar"
123-->[:firebase_app_check] AndroidManifest.xml:12:17-127
124                android:value="com.google.firebase.components.ComponentRegistrar" />
124-->[:firebase_app_check] AndroidManifest.xml:13:17-82
125            <meta-data
125-->[:firebase_core] AndroidManifest.xml:11:13-13:85
126                android:name="com.google.firebase.components:io.flutter.plugins.firebase.core.FlutterFirebaseCoreRegistrar"
126-->[:firebase_core] AndroidManifest.xml:12:17-124
127                android:value="com.google.firebase.components.ComponentRegistrar" />
127-->[:firebase_core] AndroidManifest.xml:13:17-82
128            <meta-data
128-->[com.google.firebase:firebase-appcheck-debug:17.1.2] AndroidManifest.xml:25:13-27:85
129                android:name="com.google.firebase.components:com.google.firebase.appcheck.debug.FirebaseAppCheckDebugRegistrar"
129-->[com.google.firebase:firebase-appcheck-debug:17.1.2] AndroidManifest.xml:26:17-128
130                android:value="com.google.firebase.components.ComponentRegistrar" />
130-->[com.google.firebase:firebase-appcheck-debug:17.1.2] AndroidManifest.xml:27:17-82
131            <meta-data
131-->[com.google.firebase:firebase-analytics-ktx:21.6.1] AndroidManifest.xml:11:13-13:85
132                android:name="com.google.firebase.components:com.google.firebase.analytics.ktx.FirebaseAnalyticsLegacyRegistrar"
132-->[com.google.firebase:firebase-analytics-ktx:21.6.1] AndroidManifest.xml:12:17-129
133                android:value="com.google.firebase.components.ComponentRegistrar" />
133-->[com.google.firebase:firebase-analytics-ktx:21.6.1] AndroidManifest.xml:13:17-82
134            <meta-data
134-->[com.google.firebase:firebase-appcheck-playintegrity:17.1.2] AndroidManifest.xml:25:13-27:85
135                android:name="com.google.firebase.components:com.google.firebase.appcheck.playintegrity.FirebaseAppCheckPlayIntegrityRegistrar"
135-->[com.google.firebase:firebase-appcheck-playintegrity:17.1.2] AndroidManifest.xml:26:17-144
136                android:value="com.google.firebase.components.ComponentRegistrar" />
136-->[com.google.firebase:firebase-appcheck-playintegrity:17.1.2] AndroidManifest.xml:27:17-82
137            <meta-data
137-->[com.google.firebase:firebase-appcheck-safetynet:16.1.2] AndroidManifest.xml:27:13-29:85
138                android:name="com.google.firebase.components:com.google.firebase.appcheck.safetynet.FirebaseAppCheckSafetyNetRegistrar"
138-->[com.google.firebase:firebase-appcheck-safetynet:16.1.2] AndroidManifest.xml:28:17-136
139                android:value="com.google.firebase.components.ComponentRegistrar" />
139-->[com.google.firebase:firebase-appcheck-safetynet:16.1.2] AndroidManifest.xml:29:17-82
140            <meta-data
140-->[com.google.firebase:firebase-appcheck:17.1.2] AndroidManifest.xml:25:13-27:85
141                android:name="com.google.firebase.components:com.google.firebase.appcheck.FirebaseAppCheckKtxRegistrar"
141-->[com.google.firebase:firebase-appcheck:17.1.2] AndroidManifest.xml:26:17-120
142                android:value="com.google.firebase.components.ComponentRegistrar" />
142-->[com.google.firebase:firebase-appcheck:17.1.2] AndroidManifest.xml:27:17-82
143            <meta-data
143-->[com.google.firebase:firebase-appcheck:17.1.2] AndroidManifest.xml:28:13-30:85
144                android:name="com.google.firebase.components:com.google.firebase.appcheck.FirebaseAppCheckRegistrar"
144-->[com.google.firebase:firebase-appcheck:17.1.2] AndroidManifest.xml:29:17-117
145                android:value="com.google.firebase.components.ComponentRegistrar" />
145-->[com.google.firebase:firebase-appcheck:17.1.2] AndroidManifest.xml:30:17-82
146            <meta-data
146-->[com.google.android.gms:play-services-measurement-api:21.6.1] AndroidManifest.xml:37:13-39:85
147                android:name="com.google.firebase.components:com.google.firebase.analytics.connector.internal.AnalyticsConnectorRegistrar"
147-->[com.google.android.gms:play-services-measurement-api:21.6.1] AndroidManifest.xml:38:17-139
148                android:value="com.google.firebase.components.ComponentRegistrar" />
148-->[com.google.android.gms:play-services-measurement-api:21.6.1] AndroidManifest.xml:39:17-82
149            <meta-data
149-->[com.google.firebase:firebase-installations:17.2.0] AndroidManifest.xml:15:13-17:85
150                android:name="com.google.firebase.components:com.google.firebase.installations.FirebaseInstallationsKtxRegistrar"
150-->[com.google.firebase:firebase-installations:17.2.0] AndroidManifest.xml:16:17-130
151                android:value="com.google.firebase.components.ComponentRegistrar" />
151-->[com.google.firebase:firebase-installations:17.2.0] AndroidManifest.xml:17:17-82
152            <meta-data
152-->[com.google.firebase:firebase-installations:17.2.0] AndroidManifest.xml:18:13-20:85
153                android:name="com.google.firebase.components:com.google.firebase.installations.FirebaseInstallationsRegistrar"
153-->[com.google.firebase:firebase-installations:17.2.0] AndroidManifest.xml:19:17-127
154                android:value="com.google.firebase.components.ComponentRegistrar" />
154-->[com.google.firebase:firebase-installations:17.2.0] AndroidManifest.xml:20:17-82
155            <meta-data
155-->[com.google.firebase:firebase-common-ktx:20.4.3] AndroidManifest.xml:12:13-14:85
156                android:name="com.google.firebase.components:com.google.firebase.ktx.FirebaseCommonLegacyRegistrar"
156-->[com.google.firebase:firebase-common-ktx:20.4.3] AndroidManifest.xml:13:17-116
157                android:value="com.google.firebase.components.ComponentRegistrar" />
157-->[com.google.firebase:firebase-common-ktx:20.4.3] AndroidManifest.xml:14:17-82
158            <meta-data
158-->[com.google.firebase:firebase-common:20.4.3] AndroidManifest.xml:35:13-37:85
159                android:name="com.google.firebase.components:com.google.firebase.FirebaseCommonKtxRegistrar"
159-->[com.google.firebase:firebase-common:20.4.3] AndroidManifest.xml:36:17-109
160                android:value="com.google.firebase.components.ComponentRegistrar" />
160-->[com.google.firebase:firebase-common:20.4.3] AndroidManifest.xml:37:17-82
161        </service>
162
163        <provider
163-->[:image_picker_android] AndroidManifest.xml:11:9-19:20
164            android:name="io.flutter.plugins.imagepicker.ImagePickerFileProvider"
164-->[:image_picker_android] AndroidManifest.xml:12:13-82
165            android:authorities="com.mcq.mcq.flutter.image_provider"
165-->[:image_picker_android] AndroidManifest.xml:13:13-74
166            android:exported="false"
166-->[:image_picker_android] AndroidManifest.xml:14:13-37
167            android:grantUriPermissions="true" >
167-->[:image_picker_android] AndroidManifest.xml:15:13-47
168            <meta-data
168-->[:image_picker_android] AndroidManifest.xml:16:13-18:75
169                android:name="android.support.FILE_PROVIDER_PATHS"
169-->[:image_picker_android] AndroidManifest.xml:17:17-67
170                android:resource="@xml/flutter_image_picker_file_paths" />
170-->[:image_picker_android] AndroidManifest.xml:18:17-72
171        </provider> <!-- Trigger Google Play services to install the backported photo picker module. -->
172        <service
172-->[:image_picker_android] AndroidManifest.xml:21:9-33:19
173            android:name="com.google.android.gms.metadata.ModuleDependencies"
173-->[:image_picker_android] AndroidManifest.xml:22:13-78
174            android:enabled="false"
174-->[:image_picker_android] AndroidManifest.xml:23:13-36
175            android:exported="false" >
175-->[:image_picker_android] AndroidManifest.xml:24:13-37
176            <intent-filter>
176-->[:image_picker_android] AndroidManifest.xml:26:13-28:29
177                <action android:name="com.google.android.gms.metadata.MODULE_DEPENDENCIES" />
177-->[:image_picker_android] AndroidManifest.xml:27:17-94
177-->[:image_picker_android] AndroidManifest.xml:27:25-91
178            </intent-filter>
179
180            <meta-data
180-->[:image_picker_android] AndroidManifest.xml:30:13-32:36
181                android:name="photopicker_activity:0:required"
181-->[:image_picker_android] AndroidManifest.xml:31:17-63
182                android:value="" />
182-->[:image_picker_android] AndroidManifest.xml:32:17-33
183        </service>
184
185        <activity
185-->[:safe_device] AndroidManifest.xml:13:9-15:40
186            android:name="com.xamdesign.safe_device.MockLocation.MainActivityvvvv"
186-->[:safe_device] AndroidManifest.xml:14:13-83
187            android:exported="false" />
187-->[:safe_device] AndroidManifest.xml:15:13-37
188        <!--
189           Declares a provider which allows us to store files to share in
190           '.../caches/share_plus' and grant the receiving action access
191        -->
192        <provider
192-->[:share_plus] AndroidManifest.xml:15:9-23:20
193            android:name="dev.fluttercommunity.plus.share.ShareFileProvider"
193-->[:share_plus] AndroidManifest.xml:16:13-77
194            android:authorities="com.mcq.mcq.flutter.share_provider"
194-->[:share_plus] AndroidManifest.xml:17:13-74
195            android:exported="false"
195-->[:share_plus] AndroidManifest.xml:18:13-37
196            android:grantUriPermissions="true" >
196-->[:share_plus] AndroidManifest.xml:19:13-47
197            <meta-data
197-->[:image_picker_android] AndroidManifest.xml:16:13-18:75
198                android:name="android.support.FILE_PROVIDER_PATHS"
198-->[:image_picker_android] AndroidManifest.xml:17:17-67
199                android:resource="@xml/flutter_share_file_paths" />
199-->[:image_picker_android] AndroidManifest.xml:18:17-72
200        </provider>
201        <!--
202           This manifest declared broadcast receiver allows us to use an explicit
203           Intent when creating a PendingItent to be informed of the user's choice
204        -->
205        <receiver
205-->[:share_plus] AndroidManifest.xml:28:9-34:20
206            android:name="dev.fluttercommunity.plus.share.SharePlusPendingIntent"
206-->[:share_plus] AndroidManifest.xml:29:13-82
207            android:exported="false" >
207-->[:share_plus] AndroidManifest.xml:30:13-37
208            <intent-filter>
208-->[:share_plus] AndroidManifest.xml:31:13-33:29
209                <action android:name="EXTRA_CHOSEN_COMPONENT" />
209-->[:share_plus] AndroidManifest.xml:32:17-65
209-->[:share_plus] AndroidManifest.xml:32:25-62
210            </intent-filter>
211        </receiver>
212
213        <property
213-->[com.google.android.gms:play-services-measurement-api:21.6.1] AndroidManifest.xml:30:9-32:61
214            android:name="android.adservices.AD_SERVICES_CONFIG"
214-->[com.google.android.gms:play-services-measurement-api:21.6.1] AndroidManifest.xml:31:13-65
215            android:resource="@xml/ga_ad_services_config" />
215-->[com.google.android.gms:play-services-measurement-api:21.6.1] AndroidManifest.xml:32:13-58
216
217        <receiver
217-->[com.razorpay:standard-core:1.6.43] AndroidManifest.xml:42:9-49:20
218            android:name="com.razorpay.RzpTokenReceiver"
218-->[com.razorpay:standard-core:1.6.43] AndroidManifest.xml:43:13-57
219            android:exported="true" >
219-->[com.razorpay:standard-core:1.6.43] AndroidManifest.xml:44:13-36
220            <intent-filter>
220-->[com.razorpay:standard-core:1.6.43] AndroidManifest.xml:46:13-48:29
221                <action android:name="rzp.device_token.share" />
221-->[com.razorpay:standard-core:1.6.43] AndroidManifest.xml:37:13-61
221-->[com.razorpay:standard-core:1.6.43] AndroidManifest.xml:37:21-58
222            </intent-filter>
223        </receiver>
224
225        <activity
225-->[com.razorpay:standard-core:1.6.43] AndroidManifest.xml:51:9-59:20
226            android:name="com.razorpay.CheckoutActivity"
226-->[com.razorpay:standard-core:1.6.43] AndroidManifest.xml:52:13-57
227            android:configChanges="keyboard|keyboardHidden|orientation|screenSize"
227-->[com.razorpay:standard-core:1.6.43] AndroidManifest.xml:53:13-83
228            android:exported="false"
228-->[com.razorpay:standard-core:1.6.43] AndroidManifest.xml:54:13-37
229            android:theme="@style/CheckoutTheme" >
229-->[com.razorpay:standard-core:1.6.43] AndroidManifest.xml:55:13-49
230            <intent-filter>
230-->[com.razorpay:standard-core:1.6.43] AndroidManifest.xml:56:13-58:29
231                <action android:name="android.intent.action.MAIN" />
231-->[com.razorpay:standard-core:1.6.43] AndroidManifest.xml:29:13-65
231-->[com.razorpay:standard-core:1.6.43] AndroidManifest.xml:29:21-62
232            </intent-filter>
233        </activity>
234        <activity
234-->[com.razorpay:standard-core:1.6.43] AndroidManifest.xml:60:9-63:75
235            android:name="com.razorpay.MagicXActivity"
235-->[com.razorpay:standard-core:1.6.43] AndroidManifest.xml:61:13-55
236            android:exported="false"
236-->[com.razorpay:standard-core:1.6.43] AndroidManifest.xml:62:13-37
237            android:theme="@android:style/Theme.Translucent.NoTitleBar" />
237-->[com.razorpay:standard-core:1.6.43] AndroidManifest.xml:63:13-72
238
239        <meta-data
239-->[com.razorpay:standard-core:1.6.43] AndroidManifest.xml:65:9-67:58
240            android:name="com.razorpay.plugin.googlepay_all"
240-->[com.razorpay:standard-core:1.6.43] AndroidManifest.xml:66:13-61
241            android:value="com.razorpay.RzpGpayMerged" />
241-->[com.razorpay:standard-core:1.6.43] AndroidManifest.xml:67:13-55
242
243        <activity
243-->[com.google.android.gms:play-services-auth:21.2.0] AndroidManifest.xml:23:9-27:75
244            android:name="com.google.android.gms.auth.api.signin.internal.SignInHubActivity"
244-->[com.google.android.gms:play-services-auth:21.2.0] AndroidManifest.xml:24:13-93
245            android:excludeFromRecents="true"
245-->[com.google.android.gms:play-services-auth:21.2.0] AndroidManifest.xml:25:13-46
246            android:exported="false"
246-->[com.google.android.gms:play-services-auth:21.2.0] AndroidManifest.xml:26:13-37
247            android:theme="@android:style/Theme.Translucent.NoTitleBar" />
247-->[com.google.android.gms:play-services-auth:21.2.0] AndroidManifest.xml:27:13-72
248        <!--
249            Service handling Google Sign-In user revocation. For apps that do not integrate with
250            Google Sign-In, this service will never be started.
251        -->
252        <service
252-->[com.google.android.gms:play-services-auth:21.2.0] AndroidManifest.xml:33:9-37:51
253            android:name="com.google.android.gms.auth.api.signin.RevocationBoundService"
253-->[com.google.android.gms:play-services-auth:21.2.0] AndroidManifest.xml:34:13-89
254            android:exported="true"
254-->[com.google.android.gms:play-services-auth:21.2.0] AndroidManifest.xml:35:13-36
255            android:permission="com.google.android.gms.auth.api.signin.permission.REVOCATION_NOTIFICATION"
255-->[com.google.android.gms:play-services-auth:21.2.0] AndroidManifest.xml:36:13-107
256            android:visibleToInstantApps="true" />
256-->[com.google.android.gms:play-services-auth:21.2.0] AndroidManifest.xml:37:13-48
257
258        <provider
258-->[com.google.firebase:firebase-common:20.4.3] AndroidManifest.xml:23:9-28:39
259            android:name="com.google.firebase.provider.FirebaseInitProvider"
259-->[com.google.firebase:firebase-common:20.4.3] AndroidManifest.xml:24:13-77
260            android:authorities="com.mcq.mcq.firebaseinitprovider"
260-->[com.google.firebase:firebase-common:20.4.3] AndroidManifest.xml:25:13-72
261            android:directBootAware="true"
261-->[com.google.firebase:firebase-common:20.4.3] AndroidManifest.xml:26:13-43
262            android:exported="false"
262-->[com.google.firebase:firebase-common:20.4.3] AndroidManifest.xml:27:13-37
263            android:initOrder="100" /> <!-- Needs to be explicitly declared on P+ -->
263-->[com.google.firebase:firebase-common:20.4.3] AndroidManifest.xml:28:13-36
264        <uses-library
264-->[com.google.android.gms:play-services-maps:17.0.0] AndroidManifest.xml:33:9-35:40
265            android:name="org.apache.http.legacy"
265-->[com.google.android.gms:play-services-maps:17.0.0] AndroidManifest.xml:34:13-50
266            android:required="false" />
266-->[com.google.android.gms:play-services-maps:17.0.0] AndroidManifest.xml:35:13-37
267
268        <activity
268-->[com.google.android.gms:play-services-base:18.3.0] AndroidManifest.xml:20:9-22:45
269            android:name="com.google.android.gms.common.api.GoogleApiActivity"
269-->[com.google.android.gms:play-services-base:18.3.0] AndroidManifest.xml:20:19-85
270            android:exported="false"
270-->[com.google.android.gms:play-services-base:18.3.0] AndroidManifest.xml:22:19-43
271            android:theme="@android:style/Theme.Translucent.NoTitleBar" />
271-->[com.google.android.gms:play-services-base:18.3.0] AndroidManifest.xml:21:19-78
272
273        <uses-library
273-->[androidx.window:window:1.2.0] AndroidManifest.xml:23:9-25:40
274            android:name="androidx.window.extensions"
274-->[androidx.window:window:1.2.0] AndroidManifest.xml:24:13-54
275            android:required="false" />
275-->[androidx.window:window:1.2.0] AndroidManifest.xml:25:13-37
276        <uses-library
276-->[androidx.window:window:1.2.0] AndroidManifest.xml:26:9-28:40
277            android:name="androidx.window.sidecar"
277-->[androidx.window:window:1.2.0] AndroidManifest.xml:27:13-51
278            android:required="false" />
278-->[androidx.window:window:1.2.0] AndroidManifest.xml:28:13-37
279
280        <receiver
280-->[com.google.android.gms:play-services-measurement:21.6.1] AndroidManifest.xml:29:9-33:20
281            android:name="com.google.android.gms.measurement.AppMeasurementReceiver"
281-->[com.google.android.gms:play-services-measurement:21.6.1] AndroidManifest.xml:30:13-85
282            android:enabled="true"
282-->[com.google.android.gms:play-services-measurement:21.6.1] AndroidManifest.xml:31:13-35
283            android:exported="false" >
283-->[com.google.android.gms:play-services-measurement:21.6.1] AndroidManifest.xml:32:13-37
284        </receiver>
285
286        <service
286-->[com.google.android.gms:play-services-measurement:21.6.1] AndroidManifest.xml:35:9-38:40
287            android:name="com.google.android.gms.measurement.AppMeasurementService"
287-->[com.google.android.gms:play-services-measurement:21.6.1] AndroidManifest.xml:36:13-84
288            android:enabled="true"
288-->[com.google.android.gms:play-services-measurement:21.6.1] AndroidManifest.xml:37:13-35
289            android:exported="false" />
289-->[com.google.android.gms:play-services-measurement:21.6.1] AndroidManifest.xml:38:13-37
290        <service
290-->[com.google.android.gms:play-services-measurement:21.6.1] AndroidManifest.xml:39:9-43:72
291            android:name="com.google.android.gms.measurement.AppMeasurementJobService"
291-->[com.google.android.gms:play-services-measurement:21.6.1] AndroidManifest.xml:40:13-87
292            android:enabled="true"
292-->[com.google.android.gms:play-services-measurement:21.6.1] AndroidManifest.xml:41:13-35
293            android:exported="false"
293-->[com.google.android.gms:play-services-measurement:21.6.1] AndroidManifest.xml:42:13-37
294            android:permission="android.permission.BIND_JOB_SERVICE" />
294-->[com.google.android.gms:play-services-measurement:21.6.1] AndroidManifest.xml:43:13-69
295
296        <uses-library